Performing C++ SOURCE FILE Test HAVE_CXX_FLAG_WSHORTEN_64_TO_32 failed with the following output:
Change Dir: /home/daedalus/Documents/aeron4need/cppbuild/Release/thirdparty/google_benchmark/src/google_benchmark-build/CMakeFiles/CMakeTmp

Run Build Command:"/usr/bin/make" "cmTC_82fc8/fast"
make[3]: Entering directory '/home/daedalus/Documents/aeron4need/cppbuild/Release/thirdparty/google_benchmark/src/google_benchmark-build/CMakeFiles/CMakeTmp'
/usr/bin/make -f CMakeFiles/cmTC_82fc8.dir/build.make CMakeFiles/cmTC_82fc8.dir/build
make[4]: Entering directory '/home/daedalus/Documents/aeron4need/cppbuild/Release/thirdparty/google_benchmark/src/google_benchmark-build/CMakeFiles/CMakeTmp'
Building CXX object CMakeFiles/cmTC_82fc8.dir/src.cxx.o
/usr/bin/c++    -std=c++11  -Wall  -Wextra  -Wshadow  -pedantic  -pedantic-errors -DHAVE_CXX_FLAG_WSHORTEN_64_TO_32  -Wshorten-64-to-32   -Wshorten-64-to-32 -o CMakeFiles/cmTC_82fc8.dir/src.cxx.o -c /home/daedalus/Documents/aeron4need/cppbuild/Release/thirdparty/google_benchmark/src/google_benchmark-build/CMakeFiles/CMakeTmp/src.cxx
c++: error: unrecognized command line option '-Wshorten-64-to-32'
c++: error: unrecognized command line option '-Wshorten-64-to-32'
make[4]: *** [CMakeFiles/cmTC_82fc8.dir/build.make:66: CMakeFiles/cmTC_82fc8.dir/src.cxx.o] Error 1
make[4]: Leaving directory '/home/daedalus/Documents/aeron4need/cppbuild/Release/thirdparty/google_benchmark/src/google_benchmark-build/CMakeFiles/CMakeTmp'
make[3]: *** [Makefile:121: cmTC_82fc8/fast] Error 2
make[3]: Leaving directory '/home/daedalus/Documents/aeron4need/cppbuild/Release/thirdparty/google_benchmark/src/google_benchmark-build/CMakeFiles/CMakeTmp'

Source file was:
int main() { return 0; }
Performing C++ SOURCE FILE Test HAVE_CXX_FLAG_WD654 failed with the following output:
Change Dir: /home/daedalus/Documents/aeron4need/cppbuild/Release/thirdparty/google_benchmark/src/google_benchmark-build/CMakeFiles/CMakeTmp

Run Build Command:"/usr/bin/make" "cmTC_8837d/fast"
make[3]: Entering directory '/home/daedalus/Documents/aeron4need/cppbuild/Release/thirdparty/google_benchmark/src/google_benchmark-build/CMakeFiles/CMakeTmp'
/usr/bin/make -f CMakeFiles/cmTC_8837d.dir/build.make CMakeFiles/cmTC_8837d.dir/build
make[4]: Entering directory '/home/daedalus/Documents/aeron4need/cppbuild/Release/thirdparty/google_benchmark/src/google_benchmark-build/CMakeFiles/CMakeTmp'
Building CXX object CMakeFiles/cmTC_8837d.dir/src.cxx.o
/usr/bin/c++    -std=c++11  -Wall  -Wextra  -Wshadow  -pedantic  -pedantic-errors  -Wfloat-equal  -fstrict-aliasing  -Wstrict-aliasing -DHAVE_CXX_FLAG_WD654  -wd654   -wd654 -o CMakeFiles/cmTC_8837d.dir/src.cxx.o -c /home/daedalus/Documents/aeron4need/cppbuild/Release/thirdparty/google_benchmark/src/google_benchmark-build/CMakeFiles/CMakeTmp/src.cxx
c++: error: unrecognized command line option '-wd654'
c++: error: unrecognized command line option '-wd654'
make[4]: *** [CMakeFiles/cmTC_8837d.dir/build.make:66: CMakeFiles/cmTC_8837d.dir/src.cxx.o] Error 1
make[4]: Leaving directory '/home/daedalus/Documents/aeron4need/cppbuild/Release/thirdparty/google_benchmark/src/google_benchmark-build/CMakeFiles/CMakeTmp'
make[3]: *** [Makefile:121: cmTC_8837d/fast] Error 2
make[3]: Leaving directory '/home/daedalus/Documents/aeron4need/cppbuild/Release/thirdparty/google_benchmark/src/google_benchmark-build/CMakeFiles/CMakeTmp'

Source file was:
int main() { return 0; }
Performing C++ SOURCE FILE Test HAVE_CXX_FLAG_WTHREAD_SAFETY failed with the following output:
Change Dir: /home/daedalus/Documents/aeron4need/cppbuild/Release/thirdparty/google_benchmark/src/google_benchmark-build/CMakeFiles/CMakeTmp

Run Build Command:"/usr/bin/make" "cmTC_cd132/fast"
make[3]: Entering directory '/home/daedalus/Documents/aeron4need/cppbuild/Release/thirdparty/google_benchmark/src/google_benchmark-build/CMakeFiles/CMakeTmp'
/usr/bin/make -f CMakeFiles/cmTC_cd132.dir/build.make CMakeFiles/cmTC_cd132.dir/build
make[4]: Entering directory '/home/daedalus/Documents/aeron4need/cppbuild/Release/thirdparty/google_benchmark/src/google_benchmark-build/CMakeFiles/CMakeTmp'
Building CXX object CMakeFiles/cmTC_cd132.dir/src.cxx.o
/usr/bin/c++    -std=c++11  -Wall  -Wextra  -Wshadow  -pedantic  -pedantic-errors  -Wfloat-equal  -fstrict-aliasing  -Wstrict-aliasing -DHAVE_CXX_FLAG_WTHREAD_SAFETY  -Wthread-safety   -Wthread-safety -o CMakeFiles/cmTC_cd132.dir/src.cxx.o -c /home/daedalus/Documents/aeron4need/cppbuild/Release/thirdparty/google_benchmark/src/google_benchmark-build/CMakeFiles/CMakeTmp/src.cxx
c++: error: unrecognized command line option '-Wthread-safety'; did you mean '-fthread-jumps'?
c++: error: unrecognized command line option '-Wthread-safety'; did you mean '-fthread-jumps'?
make[4]: *** [CMakeFiles/cmTC_cd132.dir/build.make:66: CMakeFiles/cmTC_cd132.dir/src.cxx.o] Error 1
make[4]: Leaving directory '/home/daedalus/Documents/aeron4need/cppbuild/Release/thirdparty/google_benchmark/src/google_benchmark-build/CMakeFiles/CMakeTmp'
make[3]: *** [Makefile:121: cmTC_cd132/fast] Error 2
make[3]: Leaving directory '/home/daedalus/Documents/aeron4need/cppbuild/Release/thirdparty/google_benchmark/src/google_benchmark-build/CMakeFiles/CMakeTmp'

Source file was:
int main() { return 0; }
Determining if the pthread_create exist failed with the following output:
Change Dir: /home/daedalus/Documents/aeron4need/cppbuild/Release/thirdparty/google_benchmark/src/google_benchmark-build/CMakeFiles/CMakeTmp

Run Build Command:"/usr/bin/make" "cmTC_e5655/fast"
make[3]: Entering directory '/home/daedalus/Documents/aeron4need/cppbuild/Release/thirdparty/google_benchmark/src/google_benchmark-build/CMakeFiles/CMakeTmp'
/usr/bin/make -f CMakeFiles/cmTC_e5655.dir/build.make CMakeFiles/cmTC_e5655.dir/build
make[4]: Entering directory '/home/daedalus/Documents/aeron4need/cppbuild/Release/thirdparty/google_benchmark/src/google_benchmark-build/CMakeFiles/CMakeTmp'
Building C object CMakeFiles/cmTC_e5655.dir/CheckSymbolExists.c.o
/usr/bin/cc    -o CMakeFiles/cmTC_e5655.dir/CheckSymbolExists.c.o   -c /home/daedalus/Documents/aeron4need/cppbuild/Release/thirdparty/google_benchmark/src/google_benchmark-build/CMakeFiles/CMakeTmp/CheckSymbolExists.c
Linking C executable cmTC_e5655
/usr/local/bin/cmake -E cmake_link_script CMakeFiles/cmTC_e5655.dir/link.txt --verbose=1
/usr/bin/cc      -rdynamic CMakeFiles/cmTC_e5655.dir/CheckSymbolExists.c.o  -o cmTC_e5655 
/usr/bin/ld: CMakeFiles/cmTC_e5655.dir/CheckSymbolExists.c.o: in function `main':
CheckSymbolExists.c:(.text+0x1b): undefined reference to `pthread_create'
collect2: error: ld returned 1 exit status
make[4]: *** [CMakeFiles/cmTC_e5655.dir/build.make:87: cmTC_e5655] Error 1
make[4]: Leaving directory '/home/daedalus/Documents/aeron4need/cppbuild/Release/thirdparty/google_benchmark/src/google_benchmark-build/CMakeFiles/CMakeTmp'
make[3]: *** [Makefile:121: cmTC_e5655/fast] Error 2
make[3]: Leaving directory '/home/daedalus/Documents/aeron4need/cppbuild/Release/thirdparty/google_benchmark/src/google_benchmark-build/CMakeFiles/CMakeTmp'

File /home/daedalus/Documents/aeron4need/cppbuild/Release/thirdparty/google_benchmark/src/google_benchmark-build/CMakeFiles/CMakeTmp/CheckSymbolExists.c:
/* */
#include <pthread.h>

int main(int argc, char** argv)
{
  (void)argv;
#ifndef pthread_create
  return ((int*)(&pthread_create))[argc];
#else
  (void)argc;
  return 0;
#endif
}

Determining if the function pthread_create exists in the pthreads failed with the following output:
Change Dir: /home/daedalus/Documents/aeron4need/cppbuild/Release/thirdparty/google_benchmark/src/google_benchmark-build/CMakeFiles/CMakeTmp

Run Build Command:"/usr/bin/make" "cmTC_bb2b4/fast"
make[3]: Entering directory '/home/daedalus/Documents/aeron4need/cppbuild/Release/thirdparty/google_benchmark/src/google_benchmark-build/CMakeFiles/CMakeTmp'
/usr/bin/make -f CMakeFiles/cmTC_bb2b4.dir/build.make CMakeFiles/cmTC_bb2b4.dir/build
make[4]: Entering directory '/home/daedalus/Documents/aeron4need/cppbuild/Release/thirdparty/google_benchmark/src/google_benchmark-build/CMakeFiles/CMakeTmp'
Building C object CMakeFiles/cmTC_bb2b4.dir/CheckFunctionExists.c.o
/usr/bin/cc   -DCHECK_FUNCTION_EXISTS=pthread_create   -o CMakeFiles/cmTC_bb2b4.dir/CheckFunctionExists.c.o   -c /usr/local/share/cmake-3.13/Modules/CheckFunctionExists.c
Linking C executable cmTC_bb2b4
/usr/local/bin/cmake -E cmake_link_script CMakeFiles/cmTC_bb2b4.dir/link.txt --verbose=1
/usr/bin/cc  -DCHECK_FUNCTION_EXISTS=pthread_create    -rdynamic CMakeFiles/cmTC_bb2b4.dir/CheckFunctionExists.c.o  -o cmTC_bb2b4 -lpthreads 
/usr/bin/ld: cannot find -lpthreads
collect2: error: ld returned 1 exit status
make[4]: *** [CMakeFiles/cmTC_bb2b4.dir/build.make:87: cmTC_bb2b4] Error 1
make[4]: Leaving directory '/home/daedalus/Documents/aeron4need/cppbuild/Release/thirdparty/google_benchmark/src/google_benchmark-build/CMakeFiles/CMakeTmp'
make[3]: *** [Makefile:121: cmTC_bb2b4/fast] Error 2
make[3]: Leaving directory '/home/daedalus/Documents/aeron4need/cppbuild/Release/thirdparty/google_benchmark/src/google_benchmark-build/CMakeFiles/CMakeTmp'


